Mon Apr 13 11:08:30 2020 : [Errno 11] Resource temporarily unavailable
Mon Apr 13 11:08:33 2020 : [Errno 11] Resource temporarily unavailable
Mon Apr 13 11:08:36 2020 : [Errno 11] Resource temporarily unavailable
Mon Apr 13 11:08:39 2020 : [Errno 11] Resource temporarily unavailable
Mon Apr 13 11:08:42 2020 : [Errno 11] Resource temporarily unavailable
Mon Apr 13 11:08:45 2020 : [Errno 11] Resource temporarily unavailable
Mon Apr 13 11:08:48 2020 : [Errno 11] Resource temporarily unavailable
Mon Apr 13 11:09:45 2020 : [Errno 11] Resource temporarily unavailable
Mon Apr 13 11:09:48 2020 : [Errno 11] Resource temporarily unavailable
Mon Apr 13 11:09:51 2020 : [Errno 11] Resource temporarily unavailable
Mon Apr 13 11:09:54 2020 : [Errno 11] Resource temporarily unavailable
Mon Apr 13 11:09:57 2020 : [Errno 11] Resource temporarily unavailable
Mon Apr 13 11:10:00 2020 : [Errno 11] Resource temporarily unavailable
Mon Apr 13 11:10:03 2020 : [Errno 11] Resource temporarily unavailable
Mon Apr 13 11:10:06 2020 : [Errno 11] Resource temporarily unavailable
Mon Apr 13 11:10:09 2020 : [Errno 11] Resource temporarily unavailable
Mon Apr 13 11:10:12 2020 : [Errno 11] Resource temporarily unavailable
Mon Apr 13 11:10:15 2020 : [Errno 11] Resource temporarily unavailable
Mon Apr 13 11:10:18 2020 : [Errno 11] Resource temporarily unavailable
Mon Apr 13 11:10:21 2020 : [Errno 11] Resource temporarily unavailable
Mon Apr 13 11:10:24 2020 : [Errno 11] Resource temporarily unavailable
Mon Apr 13 11:10:27 2020 : [Errno 11] Resource temporarily unavailable
Mon Apr 13 11:10:31 2020 : [Errno 11] Resource temporarily unavailable
Mon Apr 13 11:10:34 2020 : [Errno 11] Resource temporarily unavailable
Mon Apr 13 11:10:37 2020 : [Errno 11] Resource temporarily unavailable
Mon Apr 13 11:10:40 2020 : [Errno 11] Resource temporarily unavailable
Mon Apr 13 11:10:43 2020 : [Errno 11] Resource temporarily unavailable
Mon Apr 13 11:10:46 2020 : [Errno 11] Resource temporarily unavailable
Mon Apr 13 11:10:49 2020 : [Errno 11] Resource temporarily unavailable
Mon Apr 13 11:10:52 2020 : [Errno 11] Resource temporarily unavailable
Mon Apr 13 11:11:14 2020 : [Errno 11] Resource temporarily unavailable
Mon Apr 13 11:11:17 2020 : [Errno 11] Resource temporarily unavailable
Mon Apr 13 11:34:51 2020 : timed out
Mon Apr 13 11:34:53 2020 : timed out
Mon Apr 13 11:34:55 2020 : timed out
Mon Apr 13 11:34:57 2020 : timed out
Mon Apr 13 11:34:59 2020 : timed out
Mon Apr 13 11:35:01 2020 : timed out
Fri May  1 14:40:16 2020 : [Errno 11] Resource temporarily unavailable
Fri May  1 14:40:19 2020 : [Errno 11] Resource temporarily unavailable
Fri May  1 14:40:22 2020 : [Errno 11] Resource temporarily unavailable
Fri May  1 14:40:25 2020 : [Errno 11] Resource temporarily unavailable
Fri May  1 14:40:28 2020 : [Errno 11] Resource temporarily unavailable
Fri May  1 14:40:31 2020 : [Errno 11] Resource temporarily unavailable
Fri May  1 14:40:34 2020 : [Errno 11] Resource temporarily unavailable
Fri May  1 14:40:37 2020 : [Errno 11] Resource temporarily unavailable
Fri May  1 14:40:40 2020 : [Errno 11] Resource temporarily unavailable
Fri May  1 14:40:43 2020 : [Errno 11] Resource temporarily unavailable
Fri May  1 14:40:46 2020 : [Errno 11] Resource temporarily unavailable
Fri May  1 14:40:49 2020 : [Errno 11] Resource temporarily unavailable
Tue May  5 15:18:32 2020 : [Errno 11] Resource temporarily unavailable
Tue May  5 15:18:35 2020 : [Errno 11] Resource temporarily unavailable
Tue May  5 15:18:38 2020 : [Errno 11] Resource temporarily unavailable
Tue May  5 15:18:41 2020 : [Errno 11] Resource temporarily unavailable
Tue May  5 15:18:44 2020 : [Errno 11] Resource temporarily unavailable
Tue May  5 15:18:47 2020 : [Errno 11] Resource temporarily unavailable
Tue May  5 15:18:50 2020 : [Errno 11] Resource temporarily unavailable
Tue May  5 15:18:53 2020 : [Errno 11] Resource temporarily unavailable
Tue May  5 15:18:56 2020 : [Errno 11] Resource temporarily unavailable
Tue May  5 15:18:59 2020 : [Errno 11] Resource temporarily unavailable
Tue May  5 15:19:02 2020 : [Errno 11] Resource temporarily unavailable
Tue May  5 15:19:05 2020 : [Errno 11] Resource temporarily unavailable
Tue May  5 15:19:08 2020 : [Errno 11] Resource temporarily unavailable
Tue May  5 15:19:16 2020 : [Errno 11] Resource temporarily unavailable
Tue May  5 15:19:19 2020 : [Errno 11] Resource temporarily unavailable
Tue May  5 15:19:22 2020 : [Errno 11] Resource temporarily unavailable
Tue May  5 15:19:25 2020 : [Errno 11] Resource temporarily unavailable
Tue May  5 15:19:28 2020 : [Errno 11] Resource temporarily unavailable
Tue May  5 15:19:31 2020 : [Errno 11] Resource temporarily unavailable
Tue May  5 15:19:34 2020 : [Errno 11] Resource temporarily unavailable
Tue May  5 16:00:37 2020:[Errno 11] Resource temporarily unavailable
Tue May  5 16:00:40 2020:[Errno 11] Resource temporarily unavailable
Tue May  5 16:00:43 2020:[Errno 11] Resource temporarily unavailable
Tue May  5 16:00:46 2020:[Errno 11] Resource temporarily unavailable
Tue May  5 16:00:49 2020:[Errno 11] Resource temporarily unavailable
Tue May  5 16:00:52 2020:[Errno 11] Resource temporarily unavailable
Tue May  5 16:03:17 2020:[Errno 11] Resource temporarily unavailable
Tue May  5 16:03:20 2020:[Errno 11] Resource temporarily unavailable
Tue May  5 16:03:23 2020:[Errno 11] Resource temporarily unavailable
Tue May  5 16:03:27 2020:[Errno 11] Resource temporarily unavailable
Tue May  5 16:03:30 2020:[Errno 11] Resource temporarily unavailable
Tue May  5 16:03:33 2020:[Errno 11] Resource temporarily unavailable
Tue May  5 16:03:36 2020:[Errno 11] Resource temporarily unavailable
Tue May  5 16:03:39 2020:[Errno 11] Resource temporarily unavailable
Tue May  5 16:03:42 2020:[Errno 11] Resource temporarily unavailable
Tue May  5 16:03:45 2020:[Errno 11] Resource temporarily unavailable
Tue May  5 16:03:48 2020:[Errno 11] Resource temporarily unavailable
Tue May  5 16:03:51 2020:[Errno 11] Resource temporarily unavailable
Tue May  5 16:03:54 2020:[Errno 11] Resource temporarily unavailable
Tue May  5 16:03:57 2020:[Errno 11] Resource temporarily unavailable
Tue May  5 16:04:00 2020:[Errno 11] Resource temporarily unavailable
Tue May  5 16:04:03 2020:[Errno 11] Resource temporarily unavailable
Tue May  5 16:04:06 2020:[Errno 11] Resource temporarily unavailable
Tue May  5 16:04:09 2020:[Errno 11] Resource temporarily unavailable
Tue May  5 16:04:12 2020:[Errno 11] Resource temporarily unavailable
Tue May  5 16:04:15 2020:[Errno 11] Resource temporarily unavailable
Tue May  5 16:04:39 2020:[Errno 11] Resource temporarily unavailable
Tue May  5 16:04:42 2020:[Errno 11] Resource temporarily unavailable
Tue May  5 16:04:47 2020:[Errno 11] Resource temporarily unavailable
Tue May  5 16:04:50 2020:[Errno 11] Resource temporarily unavailable
Tue May  5 16:04:53 2020:[Errno 11] Resource temporarily unavailable
Tue May  5 16:04:56 2020:[Errno 11] Resource temporarily unavailable
Tue May  5 16:04:59 2020:[Errno 11] Resource temporarily unavailable
Tue May  5 16:05:02 2020:[Errno 11] Resource temporarily unavailable
Tue May  5 16:05:05 2020:[Errno 11] Resource temporarily unavailable
Tue May  5 16:05:08 2020:[Errno 11] Resource temporarily unavailable
Tue May  5 16:05:11 2020:[Errno 11] Resource temporarily unavailable
Tue May  5 16:05:14 2020:[Errno 11] Resource temporarily unavailable
Tue May  5 16:05:17 2020:[Errno 11] Resource temporarily unavailable
Tue May  5 16:05:20 2020:[Errno 11] Resource temporarily unavailable
Tue May  5 16:05:23 2020:[Errno 11] Resource temporarily unavailable
Tue May  5 16:05:26 2020:[Errno 11] Resource temporarily unavailable
Tue May  5 16:05:29 2020:[Errno 11] Resource temporarily unavailable
Tue May  5 16:05:32 2020:[Errno 11] Resource temporarily unavailable
Tue May  5 16:05:35 2020:[Errno 11] Resource temporarily unavailable
Tue May  5 16:05:38 2020:[Errno 11] Resource temporarily unavailable
Tue May  5 16:05:41 2020:[Errno 11] Resource temporarily unavailable
Tue May  5 16:05:44 2020:[Errno 11] Resource temporarily unavailable
Tue May  5 16:05:47 2020:[Errno 11] Resource temporarily unavailable
Tue May  5 16:05:50 2020:[Errno 11] Resource temporarily unavailable
Tue May  5 16:05:53 2020:[Errno 11] Resource temporarily unavailable
Tue May  5 16:05:56 2020:[Errno 11] Resource temporarily unavailable
Tue May  5 16:05:59 2020:[Errno 11] Resource temporarily unavailable
Tue May  5 16:06:02 2020:[Errno 11] Resource temporarily unavailable
Tue May  5 16:06:05 2020:[Errno 11] Resource temporarily unavailable
Tue May  5 16:06:08 2020:[Errno 11] Resource temporarily unavailable
Tue May  5 16:07:40 2020:[Errno 11] Resource temporarily unavailable
Tue May  5 16:07:43 2020:[Errno 11] Resource temporarily unavailable
Tue May  5 16:07:50 2020:[Errno 11] Resource temporarily unavailable
Tue May  5 16:07:53 2020:[Errno 11] Resource temporarily unavailable
Tue May  5 16:07:56 2020:[Errno 11] Resource temporarily unavailable
Tue May  5 16:07:59 2020:[Errno 11] Resource temporarily unavailable
Tue May  5 16:08:02 2020:[Errno 11] Resource temporarily unavailable
Tue May  5 16:08:05 2020:[Errno 11] Resource temporarily unavailable
Tue May  5 16:08:08 2020:[Errno 11] Resource temporarily unavailable
Tue May  5 16:08:11 2020:[Errno 11] Resource temporarily unavailable
Tue May  5 16:08:14 2020:[Errno 11] Resource temporarily unavailable
Tue May  5 16:08:17 2020:[Errno 11] Resource temporarily unavailable
Tue May  5 16:08:20 2020:[Errno 11] Resource temporarily unavailable
Tue May  5 16:08:23 2020:[Errno 11] Resource temporarily unavailable
Tue May  5 16:08:26 2020:[Errno 11] Resource temporarily unavailable
Tue May  5 16:08:29 2020:[Errno 11] Resource temporarily unavailable
Tue May  5 16:08:32 2020:[Errno 11] Resource temporarily unavailable
Tue May  5 16:08:35 2020:[Errno 11] Resource temporarily unavailable
Tue May  5 16:08:38 2020:[Errno 11] Resource temporarily unavailable
Tue May  5 16:08:41 2020:[Errno 11] Resource temporarily unavailable
Tue May  5 16:08:44 2020:[Errno 11] Resource temporarily unavailable
Tue May  5 16:08:47 2020:[Errno 11] Resource temporarily unavailable
Tue May  5 16:08:51 2020:[Errno 11] Resource temporarily unavailable
Tue May  5 16:08:54 2020:[Errno 11] Resource temporarily unavailable
Tue May  5 16:08:57 2020:[Errno 11] Resource temporarily unavailable
